生成启动时间为 2012-11-1 11:04:04。
     1>项目“D:\code_secret\strlen_asm\strlen_asm.vcxproj”在节点 2 上(build 个目标)。
     1>InitializeBuildStatus:
         正在创建“.\Debug\strlen_asm.unsuccessfulbuild”，因为已指定“AlwaysCreate”。
       ClCompile:
         D:\Program Files\VC2010\VC\bin\CL.exe /c /ZI /nologo /W3 /WX- /Od /Oy- /D WIN32 /D _DEBUG /D _CONSOLE /D _VC80_UPGRADE=0x0600 /D _MBCS /Gm /EHsc /RTC1 /MTd /GS /Gy- /fp:precise /Zc:wchar_t /Zc:forScope /Fo".\Debug\\" /Fd".\Debug\vc100.pdb" /Gd /TC /analyze- /errorReport:prompt strlen_asm.c
         strlen_asm.c
     1>d:\code_secret\strlen_asm\strlen_asm.c(10): warning C4996: 'strcat': This function or variable may be unsafe. Consider using strcat_s instead. To disable deprecation, use _CRT_SECURE_NO_WARNINGS. See online help for details.
                 d:\program files\vc2010\vc\include\string.h(110) : 参见“strcat”的声明
     1>d:\code_secret\strlen_asm\strlen_asm.c(11): warning C4996: 'strcpy': This function or variable may be unsafe. Consider using strcpy_s instead. To disable deprecation, use _CRT_SECURE_NO_WARNINGS. See online help for details.
                 d:\program files\vc2010\vc\include\string.h(105) : 参见“strcpy”的声明
       ManifestResourceCompile:
         c:\Program Files\Microsoft SDKs\Windows\v7.0A\bin\rc.exe /nologo /fo".\Debug\strlen_asm.exe.embed.manifest.res" .\Debug\strlen_asm_manifest.rc 
       Link:
         D:\Program Files\VC2010\VC\bin\link.exe /ERRORREPORT:PROMPT /OUT:".\Debug\strlen_asm.exe" /INCREMENTAL /NOLOGO odbc32.lib odbccp32.lib kernel32.lib user32.lib gdi32.lib winspool.lib comdlg32.lib advapi32.lib shell32.lib ole32.lib oleaut32.lib uuid.lib odbc32.lib odbccp32.lib /MANIFEST /ManifestFile:".\Debug\strlen_asm.exe.intermediate.manifest" /MANIFESTUAC:"level='asInvoker' uiAccess='false'" /DEBUG /PDB:"D:\code_secret\strlen_asm\Debug\strlen_asm.pdb" /SUBSYSTEM:CONSOLE /TLBID:1 /DYNAMICBASE /NXCOMPAT /IMPLIB:".\Debug\strlen_asm.lib" /MACHINE:X86 .\Debug\strlen_asm.exe.embed.manifest.res
         .\Debug\strlen_asm.obj
       Manifest:
         c:\Program Files\Microsoft SDKs\Windows\v7.0A\bin\mt.exe /nologo /verbose /out:".\Debug\strlen_asm.exe.embed.manifest" /manifest .\Debug\strlen_asm.exe.intermediate.manifest
         所有输出均为最新。
       LinkEmbedManifest:
         所有输出均为最新。
         strlen_asm.vcxproj -> D:\code_secret\strlen_asm\.\Debug\strlen_asm.exe
       FinalizeBuildStatus:
         正在删除文件“.\Debug\strlen_asm.unsuccessfulbuild”。
         正在对“.\Debug\strlen_asm.lastbuildstate”执行 Touch 任务。
     1>已完成生成项目“D:\code_secret\strlen_asm\strlen_asm.vcxproj”(build 个目标)的操作。

生成成功。

已用时间 00:00:06.70
