生成启动时间为 2012-8-28 15:07:09。
     1>项目“D:\code_secret\bitset_assign\bitset_assign.vcxproj”在节点 2 上(build 个目标)。
     1>InitializeBuildStatus:
         正在创建“.\Debug\bitset_assign.unsuccessfulbuild”，因为已指定“AlwaysCreate”。
       ClCompile:
         所有输出均为最新。
       ManifestResourceCompile:
         所有输出均为最新。
       Link:
         D:\Program Files\Microsoft Visual Studio 10.0\VC\bin\link.exe /ERRORREPORT:PROMPT /OUT:".\Debug\bitset_assign.exe" /INCREMENTAL /NOLOGO odbc32.lib odbccp32.lib kernel32.lib user32.lib gdi32.lib winspool.lib comdlg32.lib advapi32.lib shell32.lib ole32.lib oleaut32.lib uuid.lib odbc32.lib odbccp32.lib /MANIFEST /ManifestFile:".\Debug\bitset_assign.exe.intermediate.manifest" /MANIFESTUAC:"level='asInvoker' uiAccess='false'" /DEBUG /PDB:"D:\code_secret\bitset_assign\Debug\bitset_assign.pdb" /SUBSYSTEM:CONSOLE /TLBID:1 /DYNAMICBASE /NXCOMPAT /IMPLIB:".\Debug\bitset_assign.lib" /MACHINE:X86 .\Debug\bitset_assign.exe.embed.manifest.res
         .\Debug\bitset_assign.obj
         LINK : 缺少程序数据库 D:\code_secret\bitset_assign\Debug\bitset_assign.pdb；正在执行完全链接
       Manifest:
         C:\Program Files\Microsoft SDKs\Windows\v7.0A\bin\mt.exe /nologo /verbose /out:".\Debug\bitset_assign.exe.embed.manifest" /manifest .\Debug\bitset_assign.exe.intermediate.manifest
         所有输出均为最新。
       LinkEmbedManifest:
         所有输出均为最新。
         bitset_assign.vcxproj -> D:\code_secret\bitset_assign\.\Debug\bitset_assign.exe
       FinalizeBuildStatus:
         正在删除文件“.\Debug\bitset_assign.unsuccessfulbuild”。
         正在对“.\Debug\bitset_assign.lastbuildstate”执行 Touch 任务。
     1>已完成生成项目“D:\code_secret\bitset_assign\bitset_assign.vcxproj”(build 个目标)的操作。

生成成功。

已用时间 00:00:01.14
