生成启动时间为 2012-9-6 20:20:15。
     1>项目“D:\code_secret\array_assign_vector\array_assign_vector.vcxproj”在节点 2 上(build 个目标)。
     1>InitializeBuildStatus:
         正在创建“.\Debug\array_assign_vector.unsuccessfulbuild”，因为已指定“AlwaysCreate”。
       ClCompile:
         D:\Program Files\Microsoft Visual Studio 10.0\VC\bin\CL.exe /c /ZI /nologo /W3 /WX- /Od /Oy- /D WIN32 /D _DEBUG /D _CONSOLE /D _VC80_UPGRADE=0x0600 /D _MBCS /Gm /EHsc /RTC1 /MTd /GS /Gy- /fp:precise /Zc:wchar_t /Zc:forScope /Fo".\Debug\\" /Fd".\Debug\vc100.pdb" /Gd /TP /analyze- /errorReport:prompt array_assign_vector.cpp
         array_assign_vector.cpp
       ManifestResourceCompile:
         c:\Program Files\Microsoft SDKs\Windows\v7.0A\bin\rc.exe /nologo /fo".\Debug\array_assign_vector.exe.embed.manifest.res" .\Debug\array_assign_vector_manifest.rc 
       Link:
         D:\Program Files\Microsoft Visual Studio 10.0\VC\bin\link.exe /ERRORREPORT:PROMPT /OUT:".\Debug\array_assign_vector.exe" /INCREMENTAL /NOLOGO odbc32.lib odbccp32.lib kernel32.lib user32.lib gdi32.lib winspool.lib comdlg32.lib advapi32.lib shell32.lib ole32.lib oleaut32.lib uuid.lib odbc32.lib odbccp32.lib /MANIFEST /ManifestFile:".\Debug\array_assign_vector.exe.intermediate.manifest" /MANIFESTUAC:"level='asInvoker' uiAccess='false'" /DEBUG /PDB:"D:\code_secret\array_assign_vector\Debug\array_assign_vector.pdb" /SUBSYSTEM:CONSOLE /TLBID:1 /DYNAMICBASE /NXCOMPAT /IMPLIB:".\Debug\array_assign_vector.lib" /MACHINE:X86 .\Debug\array_assign_vector.exe.embed.manifest.res
         .\Debug\array_assign_vector.obj
       Manifest:
         c:\Program Files\Microsoft SDKs\Windows\v7.0A\bin\mt.exe /nologo /verbose /out:".\Debug\array_assign_vector.exe.embed.manifest" /manifest .\Debug\array_assign_vector.exe.intermediate.manifest
         c:\Program Files\Microsoft SDKs\Windows\v7.0A\bin\rc.exe /nologo /fo".\Debug\array_assign_vector.exe.embed.manifest.res" .\Debug\array_assign_vector_manifest.rc 
       LinkEmbedManifest:
         D:\Program Files\Microsoft Visual Studio 10.0\VC\bin\link.exe /ERRORREPORT:PROMPT /OUT:".\Debug\array_assign_vector.exe" /INCREMENTAL /NOLOGO odbc32.lib odbccp32.lib kernel32.lib user32.lib gdi32.lib winspool.lib comdlg32.lib advapi32.lib shell32.lib ole32.lib oleaut32.lib uuid.lib odbc32.lib odbccp32.lib /MANIFEST /ManifestFile:".\Debug\array_assign_vector.exe.intermediate.manifest" /MANIFESTUAC:"level='asInvoker' uiAccess='false'" /DEBUG /PDB:"D:\code_secret\array_assign_vector\Debug\array_assign_vector.pdb" /SUBSYSTEM:CONSOLE /TLBID:1 /DYNAMICBASE /NXCOMPAT /IMPLIB:".\Debug\array_assign_vector.lib" /MACHINE:X86 .\Debug\array_assign_vector.exe.embed.manifest.res
         .\Debug\array_assign_vector.obj
         array_assign_vector.vcxproj -> D:\code_secret\array_assign_vector\.\Debug\array_assign_vector.exe
       FinalizeBuildStatus:
         正在删除文件“.\Debug\array_assign_vector.unsuccessfulbuild”。
         正在对“.\Debug\array_assign_vector.lastbuildstate”执行 Touch 任务。
     1>已完成生成项目“D:\code_secret\array_assign_vector\array_assign_vector.vcxproj”(build 个目标)的操作。

生成成功。

已用时间 00:00:03.17
