生成启动时间为 2012-11-1 11:07:06。
     1>项目“D:\code_secret\strcpy_magic\strcpy_magic.vcxproj”在节点 2 上(build 个目标)。
     1>InitializeBuildStatus:
         正在创建“.\Debug\strcpy_magic.unsuccessfulbuild”，因为已指定“AlwaysCreate”。
       ClCompile:
         所有输出均为最新。
       ManifestResourceCompile:
         c:\Program Files\Microsoft SDKs\Windows\v7.0A\bin\rc.exe /nologo /fo".\Debug\strcpy_magic.exe.embed.manifest.res" .\Debug\strcpy_magic_manifest.rc 
       Link:
         D:\Program Files\VC2010\VC\bin\link.exe /ERRORREPORT:PROMPT /OUT:".\Debug\strcpy_magic.exe" /INCREMENTAL /NOLOGO odbc32.lib odbccp32.lib kernel32.lib user32.lib gdi32.lib winspool.lib comdlg32.lib advapi32.lib shell32.lib ole32.lib oleaut32.lib uuid.lib odbc32.lib odbccp32.lib /MANIFEST /ManifestFile:".\Debug\strcpy_magic.exe.intermediate.manifest" /MANIFESTUAC:"level='asInvoker' uiAccess='false'" /DEBUG /PDB:"D:\code_secret\strcpy_magic\Debug\strcpy_magic.pdb" /SUBSYSTEM:CONSOLE /TLBID:1 /DYNAMICBASE /NXCOMPAT /IMPLIB:".\Debug\strcpy_magic.lib" /MACHINE:X86 .\Debug\strcpy_magic.exe.embed.manifest.res
         .\Debug\strcpy_magic.obj
     1>LINK : warning LNK4076: 增量状态文件“.\Debug\strcpy_magic.ilk”无效(将删除)；正以非增量方式链接
       Manifest:
         c:\Program Files\Microsoft SDKs\Windows\v7.0A\bin\mt.exe /nologo /verbose /out:".\Debug\strcpy_magic.exe.embed.manifest" /manifest .\Debug\strcpy_magic.exe.intermediate.manifest
         c:\Program Files\Microsoft SDKs\Windows\v7.0A\bin\rc.exe /nologo /fo".\Debug\strcpy_magic.exe.embed.manifest.res" .\Debug\strcpy_magic_manifest.rc 
       LinkEmbedManifest:
         D:\Program Files\VC2010\VC\bin\link.exe /ERRORREPORT:PROMPT /OUT:".\Debug\strcpy_magic.exe" /INCREMENTAL /NOLOGO odbc32.lib odbccp32.lib kernel32.lib user32.lib gdi32.lib winspool.lib comdlg32.lib advapi32.lib shell32.lib ole32.lib oleaut32.lib uuid.lib odbc32.lib odbccp32.lib /MANIFEST /ManifestFile:".\Debug\strcpy_magic.exe.intermediate.manifest" /MANIFESTUAC:"level='asInvoker' uiAccess='false'" /DEBUG /PDB:"D:\code_secret\strcpy_magic\Debug\strcpy_magic.pdb" /SUBSYSTEM:CONSOLE /TLBID:1 /DYNAMICBASE /NXCOMPAT /IMPLIB:".\Debug\strcpy_magic.lib" /MACHINE:X86 .\Debug\strcpy_magic.exe.embed.manifest.res
         .\Debug\strcpy_magic.obj
         strcpy_magic.vcxproj -> D:\code_secret\strcpy_magic\.\Debug\strcpy_magic.exe
       FinalizeBuildStatus:
         正在删除文件“.\Debug\strcpy_magic.unsuccessfulbuild”。
         正在对“.\Debug\strcpy_magic.lastbuildstate”执行 Touch 任务。
     1>已完成生成项目“D:\code_secret\strcpy_magic\strcpy_magic.vcxproj”(build 个目标)的操作。

生成成功。

已用时间 00:00:02.01
