生成启动时间为 2012-8-28 15:16:07。
     1>项目“D:\code_secret\4_34\4_34.vcxproj”在节点 2 上(build 个目标)。
     1>InitializeBuildStatus:
         正在创建“.\Debug\4_34.unsuccessfulbuild”，因为已指定“AlwaysCreate”。
       ClCompile:
         D:\Program Files\Microsoft Visual Studio 10.0\VC\bin\CL.exe /c /ZI /nologo /W3 /WX- /Od /Oy- /D WIN32 /D _DEBUG /D _CONSOLE /D _VC80_UPGRADE=0x0600 /D _MBCS /Gm /EHsc /RTC1 /MTd /GS /Gy- /fp:precise /Zc:wchar_t /Zc:forScope /Fo".\Debug\\" /Fd".\Debug\vc100.pdb" /Gd /TP /analyze- /errorReport:prompt 4_34.cpp
         4_34.cpp
     1>d:\code_secret\4_34\4_34.cpp(31): warning C4996: 'strncpy': This function or variable may be unsafe. Consider using strncpy_s instead. To disable deprecation, use _CRT_SECURE_NO_WARNINGS. See online help for details.
                 d:\program files\microsoft visual studio 10.0\vc\include\string.h(188) : 参见“strncpy”的声明
       ManifestResourceCompile:
         C:\Program Files\Microsoft SDKs\Windows\v7.0A\bin\rc.exe /nologo /fo".\Debug\4_34.exe.embed.manifest.res" .\Debug\4_34_manifest.rc 
       Link:
         D:\Program Files\Microsoft Visual Studio 10.0\VC\bin\link.exe /ERRORREPORT:PROMPT /OUT:".\Debug\4_34.exe" /INCREMENTAL /NOLOGO odbc32.lib odbccp32.lib kernel32.lib user32.lib gdi32.lib winspool.lib comdlg32.lib advapi32.lib shell32.lib ole32.lib oleaut32.lib uuid.lib odbc32.lib odbccp32.lib /MANIFEST /ManifestFile:".\Debug\4_34.exe.intermediate.manifest" /MANIFESTUAC:"level='asInvoker' uiAccess='false'" /DEBUG /PDB:"D:\code_secret\4_34\Debug\4_34.pdb" /SUBSYSTEM:CONSOLE /TLBID:1 /DYNAMICBASE /NXCOMPAT /IMPLIB:".\Debug\4_34.lib" /MACHINE:X86 .\Debug\4_34.exe.embed.manifest.res
         .\Debug\4_34.obj
       Manifest:
         C:\Program Files\Microsoft SDKs\Windows\v7.0A\bin\mt.exe /nologo /verbose /out:".\Debug\4_34.exe.embed.manifest" /manifest .\Debug\4_34.exe.intermediate.manifest
         所有输出均为最新。
       LinkEmbedManifest:
         所有输出均为最新。
         4_34.vcxproj -> D:\code_secret\4_34\.\Debug\4_34.exe
       FinalizeBuildStatus:
         正在删除文件“.\Debug\4_34.unsuccessfulbuild”。
         正在对“.\Debug\4_34.lastbuildstate”执行 Touch 任务。
     1>已完成生成项目“D:\code_secret\4_34\4_34.vcxproj”(build 个目标)的操作。

生成成功。

已用时间 00:00:01.85
