生成启动时间为 2012-9-19 22:03:57。
     1>项目“D:\code_secret\9c++\9_26_book_answer\9_26_book_answer.vcxproj”在节点 2 上(build 个目标)。
     1>InitializeBuildStatus:
         正在创建“.\Debug\9_26_book_answer.unsuccessfulbuild”，因为已指定“AlwaysCreate”。
       ClCompile:
         所有输出均为最新。
       ManifestResourceCompile:
         所有输出均为最新。
       Link:
         D:\Program Files\Microsoft Visual Studio 10.0\VC\bin\link.exe /ERRORREPORT:PROMPT /OUT:".\Debug\9_26_book_answer.exe" /INCREMENTAL /NOLOGO odbc32.lib odbccp32.lib kernel32.lib user32.lib gdi32.lib winspool.lib comdlg32.lib advapi32.lib shell32.lib ole32.lib oleaut32.lib uuid.lib odbc32.lib odbccp32.lib /MANIFEST /ManifestFile:".\Debug\9_26_book_answer.exe.intermediate.manifest" /MANIFESTUAC:"level='asInvoker' uiAccess='false'" /DEBUG /PDB:"D:\code_secret\9c++\9_26_book_answer\Debug\9_26_book_answer.pdb" /SUBSYSTEM:CONSOLE /TLBID:1 /DYNAMICBASE /NXCOMPAT /IMPLIB:".\Debug\9_26_book_answer.lib" /MACHINE:X86 .\Debug\9_26_book_answer.exe.embed.manifest.res
         .\Debug\9_26_book_answer.obj
       Manifest:
         c:\Program Files\Microsoft SDKs\Windows\v7.0A\bin\mt.exe /nologo /verbose /out:".\Debug\9_26_book_answer.exe.embed.manifest" /manifest .\Debug\9_26_book_answer.exe.intermediate.manifest
         所有输出均为最新。
       LinkEmbedManifest:
         所有输出均为最新。
         9_26_book_answer.vcxproj -> D:\code_secret\9c++\9_26_book_answer\.\Debug\9_26_book_answer.exe
       FinalizeBuildStatus:
         正在删除文件“.\Debug\9_26_book_answer.unsuccessfulbuild”。
         正在对“.\Debug\9_26_book_answer.lastbuildstate”执行 Touch 任务。
     1>已完成生成项目“D:\code_secret\9c++\9_26_book_answer\9_26_book_answer.vcxproj”(build 个目标)的操作。

生成成功。

已用时间 00:00:00.53
